<?xml version="1.0" encoding="UTF-8"?>
<!-- Generated by org.testng.reporters.JUnitReportReporter -->
<testsuite hostname="BRILAP1418" failures="0" tests="4" name="com.testcase.data.TestClass" time="23.862" errors="0" timestamp="2021-07-26T13:15:12 IST" skipped="0">
  <testcase classname="com.testcase.data.TestClass" name="enter_UserDetails" time="4.983"/>
  <system-out/>
  <testcase classname="com.testcase.data.TestClass" name="enter_UserDetails" time="5.303"/>
  <system-out/>
  <testcase classname="com.testcase.data.TestClass" name="enter_UserDetails" time="5.270"/>
  <system-out/>
  <testcase classname="com.testcase.data.TestClass" name="enter_UserDetails" time="8.306"/>
  <system-out/>
</testsuite> <!-- com.testcase.data.TestClass -->
